\BOOKMARK [0][-]{Doc-Start}{\376\377\000A\000c\000k\000n\000o\000w\000l\000e\000d\000g\000m\000e\000n\000t\000s}{}% 1
\BOOKMARK [0][-]{chapter*.1}{\376\377\000A\000b\000s\000t\000r\000a\000c\000t}{}% 2
\BOOKMARK [0][-]{chapter*.2}{\376\377\000L\000i\000s\000t\000\040\000o\000f\000\040\000A\000b\000b\000r\000e\000v\000i\000a\000t\000i\000o\000n\000s}{}% 3
\BOOKMARK [0][-]{chapter*.4}{\376\377\000L\000i\000s\000t\000\040\000o\000f\000\040\000F\000i\000g\000u\000r\000e\000s}{}% 4
\BOOKMARK [0][-]{chapter*.5}{\376\377\000L\000i\000s\000t\000\040\000o\000f\000\040\000T\000a\000b\000l\000e\000s}{}% 5
\BOOKMARK [0][-]{chapter.1}{\376\377\0001\000\040\000I\000n\000t\000r\000o\000d\000u\000c\000t\000i\000o\000n}{}% 6
\BOOKMARK [1][-]{section.1.1}{\376\377\0001\000.\0001\000\040\000B\000a\000c\000k\000g\000r\000o\000u\000n\000d\000\040\000a\000n\000d\000\040\000M\000o\000t\000i\000v\000a\000t\000i\000o\000n}{chapter.1}% 7
\BOOKMARK [2][-]{subsection.1.1.1}{\376\377\0001\000.\0001\000.\0001\000\040\000Q\000u\000a\000n\000t\000u\000m\000\040\000S\000t\000e\000e\000r\000i\000n\000g\000:\000\040\000D\000e\000f\000i\000n\000i\000t\000i\000o\000n\000\040\000a\000n\000d\000\040\000S\000i\000g\000n\000i\000f\000i\000c\000a\000n\000c\000e}{section.1.1}% 8
\BOOKMARK [2][-]{subsection.1.1.2}{\376\377\0001\000.\0001\000.\0002\000\040\000C\000o\000n\000t\000i\000n\000u\000o\000u\000s\000\040\000V\000a\000r\000i\000a\000b\000l\000e\000s\000\040\000v\000s\000.\000\040\000D\000i\000s\000c\000r\000e\000t\000e\000\040\000V\000a\000r\000i\000a\000b\000l\000e\000s}{section.1.1}% 9
\BOOKMARK [1][-]{section.1.2}{\376\377\0001\000.\0002\000\040\000A\000c\000t\000i\000v\000e\000\040\000v\000s\000.\000\040\000P\000a\000s\000s\000i\000v\000e\000\040\000Q\000u\000a\000n\000t\000u\000m\000\040\000S\000y\000s\000t\000e\000m\000s}{chapter.1}% 10
\BOOKMARK [1][-]{section.1.3}{\376\377\0001\000.\0003\000\040\000R\000a\000m\000a\000n\000-\000D\000r\000i\000v\000e\000n\000\040\000Q\000u\000a\000n\000t\000u\000m\000\040\000B\000e\000a\000t\000\040\000L\000a\000s\000e\000r\000\040\000S\000y\000s\000t\000e\000m}{chapter.1}% 11
\BOOKMARK [2][-]{subsection.1.3.1}{\376\377\0001\000.\0003\000.\0001\000\040\000R\000a\000m\000a\000n\000\040\000P\000r\000o\000c\000e\000s\000s\000\040\000F\000u\000n\000d\000a\000m\000e\000n\000t\000a\000l\000s}{section.1.3}% 12
\BOOKMARK [2][-]{subsection.1.3.2}{\376\377\0001\000.\0003\000.\0002\000\040\000Q\000u\000a\000n\000t\000u\000m\000\040\000B\000e\000a\000t\000\040\000P\000h\000e\000n\000o\000m\000e\000n\000a}{section.1.3}% 13
\BOOKMARK [1][-]{section.1.4}{\376\377\0001\000.\0004\000\040\000P\000r\000o\000b\000l\000e\000m\000\040\000S\000t\000a\000t\000e\000m\000e\000n\000t\000\040\000a\000n\000d\000\040\000R\000e\000s\000e\000a\000r\000c\000h\000\040\000O\000b\000j\000e\000c\000t\000i\000v\000e\000s}{chapter.1}% 14
\BOOKMARK [2][-]{subsection.1.4.1}{\376\377\0001\000.\0004\000.\0001\000\040\000M\000o\000t\000i\000v\000a\000t\000i\000o\000n\000\040\000f\000o\000r\000\040\000T\000h\000i\000s\000\040\000W\000o\000r\000k}{section.1.4}% 15
\BOOKMARK [2][-]{subsection.1.4.2}{\376\377\0001\000.\0004\000.\0002\000\040\000M\000a\000i\000n\000\040\000R\000e\000s\000e\000a\000r\000c\000h\000\040\000O\000b\000j\000e\000c\000t\000i\000v\000e\000s}{section.1.4}% 16
\BOOKMARK [1][-]{section.1.5}{\376\377\0001\000.\0005\000\040\000S\000i\000g\000n\000i\000f\000i\000c\000a\000n\000c\000e\000\040\000a\000n\000d\000\040\000E\000x\000p\000e\000c\000t\000e\000d\000\040\000C\000o\000n\000t\000r\000i\000b\000u\000t\000i\000o\000n\000s}{chapter.1}% 17
\BOOKMARK [1][-]{section.1.6}{\376\377\0001\000.\0006\000\040\000T\000h\000e\000s\000i\000s\000\040\000L\000a\000y\000o\000u\000t}{chapter.1}% 18
\BOOKMARK [1][-]{section.1.7}{\376\377\0001\000.\0007\000\040\000K\000e\000y\000\040\000C\000o\000n\000t\000r\000i\000b\000u\000t\000i\000o\000n\000s\000\040\000o\000f\000\040\000T\000h\000i\000s\000\040\000W\000o\000r\000k}{chapter.1}% 19
\BOOKMARK [0][-]{chapter.2}{\376\377\0002\000\040\000Q\000u\000a\000n\000t\000u\000m\000\040\000C\000o\000r\000r\000e\000l\000a\000t\000i\000o\000n\000s\000,\000\040\000C\000o\000n\000t\000i\000n\000u\000o\000u\000s\000\040\000V\000a\000r\000i\000a\000b\000l\000e\000s\000,\000\040\000a\000n\000d\000\040\000Q\000u\000a\000n\000t\000u\000m\000\040\000S\000t\000e\000e\000r\000i\000n\000g}{}% 20
\BOOKMARK [1][-]{section.2.1}{\376\377\0002\000.\0001\000\040\000I\000n\000t\000r\000o\000d\000u\000c\000t\000i\000o\000n}{chapter.2}% 21
\BOOKMARK [1][-]{section.2.2}{\376\377\0002\000.\0002\000\040\000L\000i\000t\000e\000r\000a\000t\000u\000r\000e\000\040\000R\000e\000v\000i\000e\000w\000:\000\040\000Q\000u\000a\000n\000t\000u\000m\000\040\000C\000o\000r\000r\000e\000l\000a\000t\000i\000o\000n\000s\000\040\000i\000n\000\040\000Q\000u\000a\000n\000t\000u\000m\000\040\000I\000n\000f\000o\000r\000m\000a\000t\000i\000o\000n}{chapter.2}% 22
\BOOKMARK [2][-]{subsection.2.2.1}{\376\377\0002\000.\0002\000.\0001\000\040\000O\000v\000e\000r\000v\000i\000e\000w\000\040\000o\000f\000\040\000Q\000u\000a\000n\000t\000u\000m\000\040\000S\000t\000e\000e\000r\000i\000n\000g}{section.2.2}% 23
\BOOKMARK [2][-]{subsection.2.2.2}{\376\377\0002\000.\0002\000.\0002\000\040\000H\000i\000e\000r\000a\000r\000c\000h\000y\000\040\000o\000f\000\040\000Q\000u\000a\000n\000t\000u\000m\000\040\000C\000o\000r\000r\000e\000l\000a\000t\000i\000o\000n\000s\000:\000\040\000D\000i\000s\000c\000o\000r\000d\000\040\000\040\000E\000n\000t\000a\000n\000g\000l\000e\000m\000e\000n\000t\000\040\000\040\000S\000t\000e\000e\000r\000i\000n\000g\000\040\000\040\000B\000e\000l\000l\000\040\000N\000o\000n\000l\000o\000c\000a\000l\000i\000t\000y}{section.2.2}% 24
\BOOKMARK [1][-]{section.2.3}{\376\377\0002\000.\0003\000\040\000E\000n\000t\000a\000n\000g\000l\000e\000m\000e\000n\000t\000\040\000i\000n\000\040\000C\000o\000n\000t\000i\000n\000u\000o\000u\000s\000\040\000V\000a\000r\000i\000a\000b\000l\000e\000s}{chapter.2}% 25
\BOOKMARK [2][-]{subsection.2.3.1}{\376\377\0002\000.\0003\000.\0001\000\040\000A\000d\000v\000a\000n\000t\000a\000g\000e\000s\000\040\000o\000f\000\040\000C\000o\000n\000t\000i\000n\000u\000o\000u\000s\000-\000V\000a\000r\000i\000a\000b\000l\000e\000\040\000S\000y\000s\000t\000e\000m\000s}{section.2.3}% 26
\BOOKMARK [2][-]{subsection.2.3.2}{\376\377\0002\000.\0003\000.\0002\000\040\000Q\000u\000a\000d\000r\000a\000t\000u\000r\000e\000\040\000O\000p\000e\000r\000a\000t\000o\000r\000s\000\040\000a\000n\000d\000\040\000G\000a\000u\000s\000s\000i\000a\000n\000\040\000S\000t\000a\000t\000e\000s}{section.2.3}% 27
\BOOKMARK [2][-]{subsection.2.3.3}{\376\377\0002\000.\0003\000.\0003\000\040\000Q\000u\000a\000n\000t\000i\000f\000y\000i\000n\000g\000\040\000E\000n\000t\000a\000n\000g\000l\000e\000m\000e\000n\000t\000\040\000i\000n\000\040\000C\000V\000:\000\040\000L\000o\000g\000a\000r\000i\000t\000h\000m\000i\000c\000\040\000N\000e\000g\000a\000t\000i\000v\000i\000t\000y}{section.2.3}% 28
\BOOKMARK [2][-]{subsection.2.3.4}{\376\377\0002\000.\0003\000.\0004\000\040\000C\000o\000h\000e\000r\000e\000n\000t\000\040\000a\000n\000d\000\040\000S\000q\000u\000e\000e\000z\000e\000d\000\040\000S\000t\000a\000t\000e\000s}{section.2.3}% 29
\BOOKMARK [1][-]{section.2.4}{\376\377\0002\000.\0004\000\040\000Q\000u\000a\000n\000t\000u\000m\000\040\000S\000t\000e\000e\000r\000i\000n\000g\000\040\000i\000n\000\040\000C\000o\000n\000t\000i\000n\000u\000o\000u\000s\000\040\000V\000a\000r\000i\000a\000b\000l\000e\000s}{chapter.2}% 30
\BOOKMARK [2][-]{subsection.2.4.1}{\376\377\0002\000.\0004\000.\0001\000\040\000F\000o\000r\000m\000a\000l\000\040\000D\000e\000f\000i\000n\000i\000t\000i\000o\000n\000\040\000a\000n\000d\000\040\000S\000t\000e\000e\000r\000i\000n\000g\000\040\000C\000r\000i\000t\000e\000r\000i\000a\000\040\000f\000o\000r\000\040\000G\000a\000u\000s\000s\000i\000a\000n\000\040\000S\000t\000a\000t\000e\000s}{section.2.4}% 31
\BOOKMARK [2][-]{subsection.2.4.2}{\376\377\0002\000.\0004\000.\0002\000\040\000A\000s\000y\000m\000m\000e\000t\000r\000y\000\040\000o\000f\000\040\000S\000t\000e\000e\000r\000i\000n\000g\000:\000\040\000T\000h\000e\000\040\000K\000e\000y\000\040\000D\000i\000s\000t\000i\000n\000c\000t\000i\000o\000n}{section.2.4}% 32
\BOOKMARK [2][-]{subsection.2.4.3}{\376\377\0002\000.\0004\000.\0003\000\040\000E\000n\000t\000a\000n\000g\000l\000e\000m\000e\000n\000t\000\040\000v\000e\000r\000s\000u\000s\000\040\000S\000t\000e\000e\000r\000i\000n\000g}{section.2.4}% 33
\BOOKMARK [1][-]{section.2.5}{\376\377\0002\000.\0005\000\040\000E\000f\000f\000e\000c\000t\000\040\000o\000f\000\040\000L\000o\000s\000s\000\040\000a\000n\000d\000\040\000D\000e\000c\000o\000h\000e\000r\000e\000n\000c\000e\000\040\000o\000n\000\040\000Q\000u\000a\000n\000t\000u\000m\000\040\000C\000o\000r\000r\000e\000l\000a\000t\000i\000o\000n\000s}{chapter.2}% 34
\BOOKMARK [2][-]{subsection.2.5.1}{\376\377\0002\000.\0005\000.\0001\000\040\000L\000i\000n\000d\000b\000l\000a\000d\000\040\000M\000a\000s\000t\000e\000r\000\040\000E\000q\000u\000a\000t\000i\000o\000n\000\040\000a\000n\000d\000\040\000L\000o\000s\000s\000\040\000O\000p\000e\000r\000a\000t\000o\000r\000s}{section.2.5}% 35
\BOOKMARK [2][-]{subsection.2.5.2}{\376\377\0002\000.\0005\000.\0002\000\040\000R\000o\000b\000u\000s\000t\000n\000e\000s\000s\000\040\000o\000f\000\040\000E\000n\000t\000a\000n\000g\000l\000e\000m\000e\000n\000t\000\040\000v\000e\000r\000s\000u\000s\000\040\000S\000t\000e\000e\000r\000i\000n\000g\000\040\000i\000n\000\040\000W\000a\000v\000e\000g\000u\000i\000d\000e\000s}{section.2.5}% 36
\BOOKMARK [1][-]{section.2.6}{\376\377\0002\000.\0006\000\040\000O\000p\000t\000i\000c\000a\000l\000\040\000W\000a\000v\000e\000g\000u\000i\000d\000e\000s\000\040\000a\000s\000\040\000Q\000u\000a\000n\000t\000u\000m\000\040\000S\000y\000s\000t\000e\000m\000s}{chapter.2}% 37
\BOOKMARK [2][-]{subsection.2.6.1}{\376\377\0002\000.\0006\000.\0001\000\040\000B\000a\000s\000i\000c\000s\000\040\000o\000f\000\040\000W\000a\000v\000e\000g\000u\000i\000d\000e\000\040\000C\000o\000u\000p\000l\000i\000n\000g\000\040\000a\000n\000d\000\040\000E\000v\000a\000n\000e\000s\000c\000e\000n\000t\000\040\000F\000i\000e\000l\000d\000s}{section.2.6}% 38
\BOOKMARK [2][-]{subsection.2.6.2}{\376\377\0002\000.\0006\000.\0002\000\040\000L\000o\000s\000s\000e\000s\000\040\000i\000n\000\040\000R\000e\000a\000l\000i\000s\000t\000i\000c\000\040\000S\000y\000s\000t\000e\000m\000s}{section.2.6}% 39
\BOOKMARK [2][-]{subsection.2.6.3}{\376\377\0002\000.\0006\000.\0003\000\040\000R\000e\000l\000e\000v\000a\000n\000c\000e\000\040\000f\000o\000r\000\040\000Q\000u\000a\000n\000t\000u\000m\000\040\000C\000i\000r\000c\000u\000i\000t\000s\000\040\000a\000n\000d\000\040\000Q\000u\000a\000n\000t\000u\000m\000\040\000P\000h\000o\000t\000o\000n\000i\000c\000s}{section.2.6}% 40
\BOOKMARK [1][-]{section.2.7}{\376\377\0002\000.\0007\000\040\000A\000p\000p\000l\000i\000c\000a\000t\000i\000o\000n\000\040\000a\000n\000d\000\040\000M\000o\000t\000i\000v\000a\000t\000i\000o\000n\000:\000\040\000W\000h\000y\000\040\000S\000t\000e\000e\000r\000i\000n\000g\000\040\000i\000n\000\040\000L\000o\000s\000s\000y\000\040\000W\000a\000v\000e\000g\000u\000i\000d\000e\000s\000\040\000M\000a\000t\000t\000e\000r\000s}{chapter.2}% 41
\BOOKMARK [2][-]{subsection.2.7.1}{\376\377\0002\000.\0007\000.\0001\000\040\000R\000o\000l\000e\000\040\000i\000n\000\040\000P\000h\000o\000t\000o\000n\000i\000c\000\040\000Q\000u\000a\000n\000t\000u\000m\000\040\000N\000e\000t\000w\000o\000r\000k\000s}{section.2.7}% 42
\BOOKMARK [2][-]{subsection.2.7.2}{\376\377\0002\000.\0007\000.\0002\000\040\000S\000t\000e\000e\000r\000i\000n\000g\000\040\000v\000s\000\040\000E\000n\000t\000a\000n\000g\000l\000e\000m\000e\000n\000t\000\040\000f\000o\000r\000\040\000P\000r\000a\000c\000t\000i\000c\000a\000l\000\040\000A\000p\000p\000l\000i\000c\000a\000t\000i\000o\000n\000s}{section.2.7}% 43
\BOOKMARK [2][-]{subsection.2.7.3}{\376\377\0002\000.\0007\000.\0003\000\040\000Q\000u\000a\000n\000t\000u\000m\000\040\000I\000n\000t\000e\000r\000n\000e\000t\000,\000\040\000C\000r\000y\000p\000t\000o\000g\000r\000a\000p\000h\000y\000,\000\040\000a\000n\000d\000\040\000B\000e\000y\000o\000n\000d}{section.2.7}% 44
\BOOKMARK [1][-]{section.2.8}{\376\377\0002\000.\0008\000\040\000C\000h\000a\000p\000t\000e\000r\000\040\000S\000u\000m\000m\000a\000r\000y}{chapter.2}% 45
\BOOKMARK [0][-]{chapter.3}{\376\377\0003\000\040\000R\000a\000m\000a\000n\000-\000D\000r\000i\000v\000e\000n\000\040\000Q\000u\000a\000n\000t\000u\000m\000\040\000B\000e\000a\000t\000\040\000L\000a\000s\000e\000r\000:\000\040\000M\000o\000d\000e\000l\000\040\000a\000n\000d\000\040\000D\000y\000n\000a\000m\000i\000c\000s}{}% 46
\BOOKMARK [1][-]{section.3.1}{\376\377\0003\000.\0001\000\040\000I\000n\000t\000r\000o\000d\000u\000c\000t\000i\000o\000n}{chapter.3}% 47
\BOOKMARK [1][-]{section.3.2}{\376\377\0003\000.\0002\000\040\000P\000h\000y\000s\000i\000c\000a\000l\000\040\000S\000y\000s\000t\000e\000m\000\040\000C\000o\000n\000f\000i\000g\000u\000r\000a\000t\000i\000o\000n}{chapter.3}% 48
\BOOKMARK [2][-]{subsection.3.2.1}{\376\377\0003\000.\0002\000.\0001\000\040\000F\000o\000u\000r\000-\000L\000e\000v\000e\000l\000\040\000A\000t\000o\000m\000i\000c\000\040\000S\000y\000s\000t\000e\000m}{section.3.2}% 49
\BOOKMARK [2][-]{subsection.3.2.2}{\376\377\0003\000.\0002\000.\0002\000\040\000S\000c\000h\000e\000m\000a\000t\000i\000c\000\040\000R\000e\000p\000r\000e\000s\000e\000n\000t\000a\000t\000i\000o\000n}{section.3.2}% 50
\BOOKMARK [1][-]{section.3.3}{\376\377\0003\000.\0003\000\040\000T\000h\000e\000\040\000H\000a\000m\000i\000l\000t\000o\000n\000i\000a\000n}{chapter.3}% 51
\BOOKMARK [2][-]{subsection.3.3.1}{\376\377\0003\000.\0003\000.\0001\000\040\000F\000u\000l\000l\000\040\000H\000a\000m\000i\000l\000t\000o\000n\000i\000a\000n\000\040\000i\000n\000\040\000I\000n\000t\000e\000r\000a\000c\000t\000i\000o\000n\000\040\000P\000i\000c\000t\000u\000r\000e}{section.3.3}% 52
\BOOKMARK [2][-]{subsection.3.3.2}{\376\377\0003\000.\0003\000.\0002\000\040\000P\000a\000r\000a\000m\000e\000t\000e\000r\000s\000\040\000a\000n\000d\000\040\000T\000h\000e\000i\000r\000\040\000P\000h\000y\000s\000i\000c\000a\000l\000\040\000S\000i\000g\000n\000i\000f\000i\000c\000a\000n\000c\000e}{section.3.3}% 53
\BOOKMARK [1][-]{section.3.4}{\376\377\0003\000.\0004\000\040\000E\000q\000u\000a\000t\000i\000o\000n\000s\000\040\000o\000f\000\040\000M\000o\000t\000i\000o\000n}{chapter.3}% 54
\BOOKMARK [2][-]{subsection.3.4.1}{\376\377\0003\000.\0004\000.\0001\000\040\000D\000e\000n\000s\000i\000t\000y\000\040\000M\000a\000t\000r\000i\000x\000\040\000E\000v\000o\000l\000u\000t\000i\000o\000n}{section.3.4}% 55
\BOOKMARK [2][-]{subsection.3.4.2}{\376\377\0003\000.\0004\000.\0002\000\040\000R\000e\000l\000e\000v\000a\000n\000t\000\040\000D\000e\000n\000s\000i\000t\000y\000\040\000M\000a\000t\000r\000i\000x\000\040\000E\000l\000e\000m\000e\000n\000t\000s}{section.3.4}% 56
\BOOKMARK [3][-]{subsubsection.3.4.2.1}{\376\377\0003\000.\0004\000.\0002\000.\0001\000\040\000E\000q\000u\000a\000t\000i\000o\000n\000s\000\040\000f\000o\000r\000\040\000C\000o\000h\000e\000r\000e\000n\000c\000e\000s}{subsection.3.4.2}% 57
\BOOKMARK [1][-]{section.3.5}{\376\377\0003\000.\0005\000\040\000C\000a\000v\000i\000t\000y\000\040\000F\000i\000e\000l\000d\000\040\000D\000y\000n\000a\000m\000i\000c\000s}{chapter.3}% 58
\BOOKMARK [2][-]{subsection.3.5.1}{\376\377\0003\000.\0005\000.\0001\000\040\000M\000a\000s\000t\000e\000r\000\040\000E\000q\000u\000a\000t\000i\000o\000n\000\040\000f\000o\000r\000\040\000R\000e\000d\000u\000c\000e\000d\000\040\000D\000e\000n\000s\000i\000t\000y\000\040\000O\000p\000e\000r\000a\000t\000o\000r}{section.3.5}% 59
\BOOKMARK [1][-]{section.3.6}{\376\377\0003\000.\0006\000\040\000C\000o\000v\000a\000r\000i\000a\000n\000c\000e\000\040\000M\000a\000t\000r\000i\000x\000\040\000F\000o\000r\000m\000u\000l\000a\000t\000i\000o\000n}{chapter.3}% 60
\BOOKMARK [2][-]{subsection.3.6.1}{\376\377\0003\000.\0006\000.\0001\000\040\000Q\000u\000a\000d\000r\000a\000t\000u\000r\000e\000\040\000O\000p\000e\000r\000a\000t\000o\000r\000s}{section.3.6}% 61
\BOOKMARK [2][-]{subsection.3.6.2}{\376\377\0003\000.\0006\000.\0002\000\040\000T\000w\000o\000-\000M\000o\000d\000e\000\040\000C\000o\000v\000a\000r\000i\000a\000n\000c\000e\000\040\000M\000a\000t\000r\000i\000x}{section.3.6}% 62
\BOOKMARK [1][-]{section.3.7}{\376\377\0003\000.\0007\000\040\000Q\000u\000a\000n\000t\000i\000f\000y\000i\000n\000g\000\040\000Q\000u\000a\000n\000t\000u\000m\000\040\000S\000t\000e\000e\000r\000i\000n\000g}{chapter.3}% 63
\BOOKMARK [2][-]{subsection.3.7.1}{\376\377\0003\000.\0007\000.\0001\000\040\000S\000t\000e\000e\000r\000i\000n\000g\000\040\000C\000r\000i\000t\000e\000r\000i\000o\000n\000\040\000f\000o\000r\000\040\000G\000a\000u\000s\000s\000i\000a\000n\000\040\000S\000t\000a\000t\000e\000s}{section.3.7}% 64
\BOOKMARK [2][-]{subsection.3.7.2}{\376\377\0003\000.\0007\000.\0002\000\040\000S\000y\000m\000p\000l\000e\000c\000t\000i\000c\000\040\000E\000i\000g\000e\000n\000v\000a\000l\000u\000e\000s}{section.3.7}% 65
\BOOKMARK [2][-]{subsection.3.7.3}{\376\377\0003\000.\0007\000.\0003\000\040\000C\000o\000m\000p\000a\000r\000i\000s\000o\000n\000\040\000w\000i\000t\000h\000\040\000E\000n\000t\000a\000n\000g\000l\000e\000m\000e\000n\000t}{section.3.7}% 66
\BOOKMARK [1][-]{section.3.8}{\376\377\0003\000.\0008\000\040\000I\000n\000i\000t\000i\000a\000l\000\040\000C\000o\000n\000d\000i\000t\000i\000o\000n\000s\000\040\000a\000n\000d\000\040\000S\000y\000s\000t\000e\000m\000\040\000P\000a\000r\000a\000m\000e\000t\000e\000r\000s}{chapter.3}% 67
\BOOKMARK [2][-]{subsection.3.8.1}{\376\377\0003\000.\0008\000.\0001\000\040\000I\000n\000p\000u\000t\000\040\000C\000a\000v\000i\000t\000y\000\040\000F\000i\000e\000l\000d\000\040\000S\000t\000a\000t\000e}{section.3.8}% 68
\BOOKMARK [2][-]{subsection.3.8.2}{\376\377\0003\000.\0008\000.\0002\000\040\000T\000y\000p\000i\000c\000a\000l\000\040\000P\000a\000r\000a\000m\000e\000t\000e\000r\000s}{section.3.8}% 69
\BOOKMARK [1][-]{section.3.9}{\376\377\0003\000.\0009\000\040\000C\000h\000a\000p\000t\000e\000r\000\040\000S\000u\000m\000m\000a\000r\000y}{chapter.3}% 70
\BOOKMARK [0][-]{chapter.4}{\376\377\0004\000\040\000Q\000u\000a\000n\000t\000u\000m\000\040\000S\000t\000e\000e\000r\000i\000n\000g\000\040\000G\000e\000n\000e\000r\000a\000t\000i\000o\000n\000\040\000a\000n\000d\000\040\000D\000y\000n\000a\000m\000i\000c\000s}{}% 71
\BOOKMARK [1][-]{section.4.1}{\376\377\0004\000.\0001\000\040\000I\000n\000t\000r\000o\000d\000u\000c\000t\000i\000o\000n}{chapter.4}% 72
\BOOKMARK [1][-]{section.4.2}{\376\377\0004\000.\0002\000\040\000T\000i\000m\000e\000\040\000E\000v\000o\000l\000u\000t\000i\000o\000n\000\040\000o\000f\000\040\000Q\000u\000a\000n\000t\000u\000m\000\040\000S\000t\000e\000e\000r\000i\000n\000g}{chapter.4}% 73
\BOOKMARK [2][-]{subsection.4.2.1}{\376\377\0004\000.\0002\000.\0001\000\040\000B\000a\000s\000e\000l\000i\000n\000e\000\040\000S\000c\000e\000n\000a\000r\000i\000o\000:\000\040\000L\000o\000s\000s\000l\000e\000s\000s\000\040\000S\000y\000s\000t\000e\000m}{section.4.2}% 74
\BOOKMARK [1][-]{section.4.3}{\376\377\0004\000.\0003\000\040\000E\000f\000f\000e\000c\000t\000\040\000o\000f\000\040\000R\000a\000b\000i\000\040\000F\000r\000e\000q\000u\000e\000n\000c\000y}{chapter.4}% 75
\BOOKMARK [2][-]{subsection.4.3.1}{\376\377\0004\000.\0003\000.\0001\000\040\000V\000a\000r\000i\000a\000t\000i\000o\000n\000\040\000w\000i\000t\000h\000\040\000E\000x\000t\000e\000r\000n\000a\000l\000\040\000D\000r\000i\000v\000i\000n\000g\000\040\000F\000i\000e\000l\000d}{section.4.3}% 76
\BOOKMARK [1][-]{section.4.4}{\376\377\0004\000.\0004\000\040\000E\000f\000f\000e\000c\000t\000\040\000o\000f\000\040\000R\000e\000l\000a\000t\000i\000v\000e\000\040\000P\000h\000a\000s\000e\000\040\000C\000o\000n\000t\000r\000o\000l}{chapter.4}% 77
\BOOKMARK [2][-]{subsection.4.4.1}{\376\377\0004\000.\0004\000.\0001\000\040\000P\000h\000a\000s\000e\000-\000D\000e\000p\000e\000n\000d\000e\000n\000t\000\040\000S\000t\000e\000e\000r\000i\000n\000g\000\040\000D\000i\000r\000e\000c\000t\000i\000o\000n\000a\000l\000i\000t\000y}{section.4.4}% 78
\BOOKMARK [1][-]{section.4.5}{\376\377\0004\000.\0005\000\040\000C\000a\000v\000i\000t\000y\000\040\000D\000a\000m\000p\000i\000n\000g\000\040\000E\000f\000f\000e\000c\000t\000s}{chapter.4}% 79
\BOOKMARK [2][-]{subsection.4.5.1}{\376\377\0004\000.\0005\000.\0001\000\040\000L\000o\000s\000s\000-\000I\000n\000d\000u\000c\000e\000d\000\040\000S\000t\000e\000e\000r\000i\000n\000g\000\040\000D\000e\000g\000r\000a\000d\000a\000t\000i\000o\000n}{section.4.5}% 80
\BOOKMARK [2][-]{subsection.4.5.2}{\376\377\0004\000.\0005\000.\0002\000\040\000C\000o\000m\000p\000a\000r\000i\000s\000o\000n\000:\000\040\000S\000t\000e\000e\000r\000i\000n\000g\000\040\000v\000s\000\040\000E\000n\000t\000a\000n\000g\000l\000e\000m\000e\000n\000t\000\040\000u\000n\000d\000e\000r\000\040\000L\000o\000s\000s}{section.4.5}% 81
\BOOKMARK [1][-]{section.4.6}{\376\377\0004\000.\0006\000\040\000N\000o\000n\000-\000C\000l\000a\000s\000s\000i\000c\000a\000l\000i\000t\000y\000\040\000a\000n\000d\000\040\000P\000u\000r\000i\000t\000y\000\040\000E\000f\000f\000e\000c\000t\000s}{chapter.4}% 82
\BOOKMARK [2][-]{subsection.4.6.1}{\376\377\0004\000.\0006\000.\0001\000\040\000I\000n\000i\000t\000i\000a\000l\000\040\000S\000t\000a\000t\000e\000\040\000N\000o\000n\000-\000C\000l\000a\000s\000s\000i\000c\000a\000l\000i\000t\000y}{section.4.6}% 83
\BOOKMARK [2][-]{subsection.4.6.2}{\376\377\0004\000.\0006\000.\0002\000\040\000P\000u\000r\000i\000t\000y\000\040\000o\000f\000\040\000I\000n\000i\000t\000i\000a\000l\000\040\000S\000t\000a\000t\000e\000s}{section.4.6}% 84
\BOOKMARK [1][-]{section.4.7}{\376\377\0004\000.\0007\000\040\000H\000i\000e\000r\000a\000r\000c\000h\000y\000\040\000V\000e\000r\000i\000f\000i\000c\000a\000t\000i\000o\000n\000:\000\040\000D\000i\000s\000c\000o\000r\000d\000\040\000\040\000E\000n\000t\000a\000n\000g\000l\000e\000m\000e\000n\000t\000\040\000\040\000S\000t\000e\000e\000r\000i\000n\000g}{chapter.4}% 85
\BOOKMARK [2][-]{subsection.4.7.1}{\376\377\0004\000.\0007\000.\0001\000\040\000T\000e\000m\000p\000o\000r\000a\000l\000\040\000O\000r\000d\000e\000r\000i\000n\000g\000\040\000o\000f\000\040\000Q\000u\000a\000n\000t\000u\000m\000\040\000C\000o\000r\000r\000e\000l\000a\000t\000i\000o\000n\000s}{section.4.7}% 86
\BOOKMARK [2][-]{subsection.4.7.2}{\376\377\0004\000.\0007\000.\0002\000\040\000B\000o\000u\000n\000d\000a\000r\000y\000\040\000R\000e\000g\000i\000o\000n\000s}{section.4.7}% 87
\BOOKMARK [1][-]{section.4.8}{\376\377\0004\000.\0008\000\040\000O\000p\000t\000i\000m\000i\000z\000e\000d\000\040\000S\000t\000e\000e\000r\000i\000n\000g\000\040\000R\000e\000g\000i\000m\000e\000s}{chapter.4}% 88
\BOOKMARK [2][-]{subsection.4.8.1}{\376\377\0004\000.\0008\000.\0001\000\040\000P\000a\000r\000a\000m\000e\000t\000e\000r\000\040\000S\000p\000a\000c\000e\000\040\000M\000a\000p\000p\000i\000n\000g}{section.4.8}% 89
\BOOKMARK [1][-]{section.4.9}{\376\377\0004\000.\0009\000\040\000C\000o\000m\000p\000a\000r\000i\000s\000o\000n\000\040\000w\000i\000t\000h\000\040\000C\000E\000L\000\040\000R\000e\000s\000u\000l\000t\000s}{chapter.4}% 90
\BOOKMARK [2][-]{subsection.4.9.1}{\376\377\0004\000.\0009\000.\0001\000\040\000R\000D\000Q\000B\000L\000\040\000v\000s\000\040\000C\000o\000r\000r\000e\000l\000a\000t\000e\000d\000\040\000E\000m\000i\000s\000s\000i\000o\000n\000\040\000L\000a\000s\000e\000r}{section.4.9}% 91
\BOOKMARK [1][-]{section.4.10}{\376\377\0004\000.\0001\0000\000\040\000A\000n\000a\000l\000y\000t\000i\000c\000a\000l\000\040\000V\000a\000l\000i\000d\000a\000t\000i\000o\000n}{chapter.4}% 92
\BOOKMARK [2][-]{subsection.4.10.1}{\376\377\0004\000.\0001\0000\000.\0001\000\040\000C\000o\000m\000p\000a\000r\000i\000s\000o\000n\000\040\000w\000i\000t\000h\000\040\000S\000t\000r\000o\000n\000g\000l\000y\000-\000D\000r\000i\000v\000e\000n\000\040\000L\000i\000m\000i\000t\000\040\000A\000p\000p\000r\000o\000x\000i\000m\000a\000t\000i\000o\000n}{section.4.10}% 93
\BOOKMARK [1][-]{section.4.11}{\376\377\0004\000.\0001\0001\000\040\000C\000h\000a\000p\000t\000e\000r\000\040\000S\000u\000m\000m\000a\000r\000y}{chapter.4}% 94
\BOOKMARK [0][-]{chapter.5}{\376\377\0005\000\040\000D\000i\000s\000c\000u\000s\000s\000i\000o\000n\000\040\000a\000n\000d\000\040\000P\000h\000y\000s\000i\000c\000a\000l\000\040\000I\000n\000t\000e\000r\000p\000r\000e\000t\000a\000t\000i\000o\000n}{}% 95
\BOOKMARK [1][-]{section.5.1}{\376\377\0005\000.\0001\000\040\000I\000n\000t\000r\000o\000d\000u\000c\000t\000i\000o\000n}{chapter.5}% 96
\BOOKMARK [1][-]{section.5.2}{\376\377\0005\000.\0002\000\040\000M\000e\000c\000h\000a\000n\000i\000s\000m\000s\000\040\000o\000f\000\040\000S\000t\000e\000e\000r\000i\000n\000g\000\040\000G\000e\000n\000e\000r\000a\000t\000i\000o\000n\000\040\000i\000n\000\040\000R\000D\000Q\000B\000L}{chapter.5}% 97
\BOOKMARK [2][-]{subsection.5.2.1}{\376\377\0005\000.\0002\000.\0001\000\040\000R\000o\000l\000e\000\040\000o\000f\000\040\000Q\000u\000a\000n\000t\000u\000m\000\040\000B\000e\000a\000t\000\040\000I\000n\000t\000e\000r\000f\000e\000r\000e\000n\000c\000e}{section.5.2}% 98
\BOOKMARK [2][-]{subsection.5.2.2}{\376\377\0005\000.\0002\000.\0002\000\040\000P\000h\000a\000s\000e\000\040\000C\000o\000n\000t\000r\000o\000l\000\040\000o\000f\000\040\000S\000t\000e\000e\000r\000i\000n\000g\000\040\000D\000i\000r\000e\000c\000t\000i\000o\000n\000a\000l\000i\000t\000y}{section.5.2}% 99
\BOOKMARK [1][-]{section.5.3}{\376\377\0005\000.\0003\000\040\000R\000o\000b\000u\000s\000t\000n\000e\000s\000s\000\040\000A\000n\000a\000l\000y\000s\000i\000s\000\040\000U\000n\000d\000e\000r\000\040\000R\000e\000a\000l\000i\000s\000t\000i\000c\000\040\000C\000o\000n\000d\000i\000t\000i\000o\000n\000s}{chapter.5}% 100
\BOOKMARK [2][-]{subsection.5.3.1}{\376\377\0005\000.\0003\000.\0001\000\040\000W\000h\000y\000\040\000R\000D\000Q\000B\000L\000\040\000S\000t\000e\000e\000r\000i\000n\000g\000\040\000S\000u\000r\000v\000i\000v\000e\000s\000\040\000C\000a\000v\000i\000t\000y\000\040\000D\000a\000m\000p\000i\000n\000g}{section.5.3}% 101
\BOOKMARK [3][-]{subsubsection.5.3.1.1}{\376\377\0005\000.\0003\000.\0001\000.\0001\000\040\000C\000o\000h\000e\000r\000e\000n\000c\000e\000\040\000P\000r\000e\000s\000e\000r\000v\000a\000t\000i\000o\000n\000\040\000v\000i\000a\000\040\000R\000a\000m\000a\000n\000\040\000P\000r\000o\000c\000e\000s\000s}{subsection.5.3.1}% 102
\BOOKMARK [3][-]{subsubsection.5.3.1.2}{\376\377\0005\000.\0003\000.\0001\000.\0002\000\040\000A\000c\000t\000i\000v\000e\000\040\000S\000y\000s\000t\000e\000m\000\040\000A\000d\000v\000a\000n\000t\000a\000g\000e}{subsection.5.3.1}% 103
\BOOKMARK [2][-]{subsection.5.3.2}{\376\377\0005\000.\0003\000.\0002\000\040\000C\000r\000i\000t\000i\000c\000a\000l\000\040\000L\000o\000s\000s\000\040\000T\000h\000r\000e\000s\000h\000o\000l\000d\000s}{section.5.3}% 104
\BOOKMARK [1][-]{section.5.4}{\376\377\0005\000.\0004\000\040\000H\000i\000e\000r\000a\000r\000c\000h\000y\000\040\000I\000m\000p\000l\000i\000c\000a\000t\000i\000o\000n\000s\000\040\000a\000n\000d\000\040\000Q\000u\000a\000n\000t\000u\000m\000\040\000C\000o\000r\000r\000e\000l\000a\000t\000i\000o\000n\000s\000\040\000O\000n\000t\000o\000l\000o\000g\000y}{chapter.5}% 105
\BOOKMARK [2][-]{subsection.5.4.1}{\376\377\0005\000.\0004\000.\0001\000\040\000W\000h\000y\000\040\000S\000t\000e\000e\000r\000i\000n\000g\000\040\000O\000c\000c\000u\000p\000i\000e\000s\000\040\000a\000\040\000U\000n\000i\000q\000u\000e\000\040\000P\000o\000s\000i\000t\000i\000o\000n}{section.5.4}% 106
\BOOKMARK [1][-]{section.5.5}{\376\377\0005\000.\0005\000\040\000I\000m\000p\000l\000i\000c\000a\000t\000i\000o\000n\000s\000\040\000f\000o\000r\000\040\000Q\000u\000a\000n\000t\000u\000m\000\040\000I\000n\000f\000o\000r\000m\000a\000t\000i\000o\000n\000\040\000P\000r\000o\000c\000e\000s\000s\000i\000n\000g}{chapter.5}% 107
\BOOKMARK [2][-]{subsection.5.5.1}{\376\377\0005\000.\0005\000.\0001\000\040\000O\000n\000e\000-\000S\000i\000d\000e\000d\000\040\000D\000e\000v\000i\000c\000e\000-\000I\000n\000d\000e\000p\000e\000n\000d\000e\000n\000t\000\040\000\050\0001\000s\000D\000I\000\051\000\040\000Q\000u\000a\000n\000t\000u\000m\000\040\000K\000e\000y\000\040\000D\000i\000s\000t\000r\000i\000b\000u\000t\000i\000o\000n}{section.5.5}% 108
\BOOKMARK [2][-]{subsection.5.5.2}{\376\377\0005\000.\0005\000.\0002\000\040\000A\000s\000y\000m\000m\000e\000t\000r\000i\000c\000\040\000Q\000u\000a\000n\000t\000u\000m\000\040\000N\000e\000t\000w\000o\000r\000k\000s\000\040\000a\000n\000d\000\040\000P\000h\000o\000t\000o\000n\000i\000c\000\040\000A\000r\000c\000h\000i\000t\000e\000c\000t\000u\000r\000e\000s}{section.5.5}% 109
\BOOKMARK [1][-]{section.5.6}{\376\377\0005\000.\0006\000\040\000C\000o\000m\000p\000a\000r\000i\000s\000o\000n\000\040\000w\000i\000t\000h\000\040\000P\000r\000i\000o\000r\000\040\000W\000o\000r\000k}{chapter.5}% 110
\BOOKMARK [2][-]{subsection.5.6.1}{\376\377\0005\000.\0006\000.\0001\000\040\000W\000a\000v\000e\000g\000u\000i\000d\000e\000s\000:\000\040\000E\000n\000t\000a\000n\000g\000l\000e\000m\000e\000n\000t\000\040\000i\000n\000\040\000P\000a\000s\000s\000i\000v\000e\000\040\000S\000y\000s\000t\000e\000m\000s}{section.5.6}% 111
\BOOKMARK [2][-]{subsection.5.6.2}{\376\377\0005\000.\0006\000.\0002\000\040\000C\000E\000L\000:\000\040\000S\000t\000e\000e\000r\000i\000n\000g\000\040\000i\000n\000\040\000A\000c\000t\000i\000v\000e\000\040\000S\000y\000s\000t\000e\000m\000s}{section.5.6}% 112
\BOOKMARK [1][-]{section.5.7}{\376\377\0005\000.\0007\000\040\000E\000x\000p\000e\000r\000i\000m\000e\000n\000t\000a\000l\000\040\000F\000e\000a\000s\000i\000b\000i\000l\000i\000t\000y\000\040\000a\000n\000d\000\040\000I\000m\000p\000l\000e\000m\000e\000n\000t\000a\000t\000i\000o\000n\000\040\000R\000o\000a\000d\000m\000a\000p}{chapter.5}% 113
\BOOKMARK [2][-]{subsection.5.7.1}{\376\377\0005\000.\0007\000.\0001\000\040\000R\000e\000a\000l\000i\000z\000a\000b\000l\000e\000\040\000P\000h\000y\000s\000i\000c\000a\000l\000\040\000P\000l\000a\000t\000f\000o\000r\000m\000s}{section.5.7}% 114
\BOOKMARK [3][-]{subsubsection.5.7.1.1}{\376\377\0005\000.\0007\000.\0001\000.\0001\000\040\000A\000l\000k\000a\000l\000i\000\040\000A\000t\000o\000m\000s\000\040\000\050\000R\000b\000,\000\040\000C\000s\000\051}{subsection.5.7.1}% 115
\BOOKMARK [3][-]{subsubsection.5.7.1.2}{\376\377\0005\000.\0007\000.\0001\000.\0002\000\040\000T\000r\000a\000p\000p\000e\000d\000\040\000I\000o\000n\000s}{subsection.5.7.1}% 116
\BOOKMARK [3][-]{subsubsection.5.7.1.3}{\376\377\0005\000.\0007\000.\0001\000.\0003\000\040\000S\000o\000l\000i\000d\000-\000S\000t\000a\000t\000e\000\040\000D\000e\000f\000e\000c\000t\000\040\000C\000e\000n\000t\000e\000r\000s\000\040\000\050\000N\000V\000\040\000i\000n\000\040\000D\000i\000a\000m\000o\000n\000d\000\051}{subsection.5.7.1}% 117
\BOOKMARK [2][-]{subsection.5.7.2}{\376\377\0005\000.\0007\000.\0002\000\040\000E\000x\000p\000e\000r\000i\000m\000e\000n\000t\000a\000l\000\040\000C\000h\000a\000l\000l\000e\000n\000g\000e\000s\000\040\000a\000n\000d\000\040\000M\000i\000t\000i\000g\000a\000t\000i\000o\000n\000\040\000S\000t\000r\000a\000t\000e\000g\000i\000e\000s}{section.5.7}% 118
\BOOKMARK [2][-]{subsection.5.7.3}{\376\377\0005\000.\0007\000.\0003\000\040\000S\000t\000e\000p\000-\000b\000y\000-\000S\000t\000e\000p\000\040\000I\000m\000p\000l\000e\000m\000e\000n\000t\000a\000t\000i\000o\000n\000\040\000P\000a\000t\000h}{section.5.7}% 119
\BOOKMARK [1][-]{section.5.8}{\376\377\0005\000.\0008\000\040\000L\000i\000m\000i\000t\000a\000t\000i\000o\000n\000s\000\040\000a\000n\000d\000\040\000F\000u\000t\000u\000r\000e\000\040\000D\000i\000r\000e\000c\000t\000i\000o\000n\000s}{chapter.5}% 120
\BOOKMARK [2][-]{subsection.5.8.1}{\376\377\0005\000.\0008\000.\0001\000\040\000C\000u\000r\000r\000e\000n\000t\000\040\000L\000i\000m\000i\000t\000a\000t\000i\000o\000n\000s}{section.5.8}% 121
\BOOKMARK [2][-]{subsection.5.8.2}{\376\377\0005\000.\0008\000.\0002\000\040\000E\000x\000t\000e\000n\000s\000i\000o\000n\000s\000\040\000f\000o\000r\000\040\000F\000u\000t\000u\000r\000e\000\040\000W\000o\000r\000k}{section.5.8}% 122
\BOOKMARK [1][-]{section.5.9}{\376\377\0005\000.\0009\000\040\000C\000h\000a\000p\000t\000e\000r\000\040\000S\000u\000m\000m\000a\000r\000y}{chapter.5}% 123
\BOOKMARK [0][-]{chapter.6}{\376\377\0006\000\040\000C\000o\000n\000c\000l\000u\000s\000i\000o\000n\000s\000\040\000a\000n\000d\000\040\000F\000u\000t\000u\000r\000e\000\040\000P\000e\000r\000s\000p\000e\000c\000t\000i\000v\000e\000s}{}% 124
\BOOKMARK [1][-]{section.6.1}{\376\377\0006\000.\0001\000\040\000S\000u\000m\000m\000a\000r\000y\000\040\000o\000f\000\040\000M\000a\000i\000n\000\040\000F\000i\000n\000d\000i\000n\000g\000s}{chapter.6}% 125
\BOOKMARK [1][-]{section.6.2}{\376\377\0006\000.\0002\000\040\000K\000e\000y\000\040\000R\000e\000s\000u\000l\000t\000s}{chapter.6}% 126
\BOOKMARK [1][-]{section.6.3}{\376\377\0006\000.\0003\000\040\000S\000i\000g\000n\000i\000f\000i\000c\000a\000n\000c\000e\000\040\000a\000n\000d\000\040\000I\000m\000p\000a\000c\000t}{chapter.6}% 127
\BOOKMARK [1][-]{section.6.4}{\376\377\0006\000.\0004\000\040\000L\000i\000m\000i\000t\000a\000t\000i\000o\000n\000s}{chapter.6}% 128
\BOOKMARK [1][-]{section.6.5}{\376\377\0006\000.\0005\000\040\000R\000e\000c\000o\000m\000m\000e\000n\000d\000a\000t\000i\000o\000n\000s\000\040\000f\000o\000r\000\040\000F\000u\000t\000u\000r\000e\000\040\000W\000o\000r\000k}{chapter.6}% 129
\BOOKMARK [2][-]{subsection.6.5.1}{\376\377\0006\000.\0005\000.\0001\000\040\000I\000m\000m\000e\000d\000i\000a\000t\000e\000\040\000E\000x\000t\000e\000n\000s\000i\000o\000n\000s}{section.6.5}% 130
\BOOKMARK [2][-]{subsection.6.5.2}{\376\377\0006\000.\0005\000.\0002\000\040\000M\000e\000d\000i\000u\000m\000-\000T\000e\000r\000m\000\040\000R\000e\000s\000e\000a\000r\000c\000h}{section.6.5}% 131
\BOOKMARK [2][-]{subsection.6.5.3}{\376\377\0006\000.\0005\000.\0003\000\040\000L\000o\000n\000g\000-\000T\000e\000r\000m\000\040\000V\000i\000s\000i\000o\000n}{section.6.5}% 132
\BOOKMARK [1][-]{section.6.6}{\376\377\0006\000.\0006\000\040\000C\000l\000o\000s\000i\000n\000g\000\040\000R\000e\000m\000a\000r\000k\000s}{chapter.6}% 133
\BOOKMARK [0][-]{chapter*.9}{\376\377\000R\000e\000f\000e\000r\000e\000n\000c\000e\000s}{}% 134
